{"uuid":"5df17ca9-1566-4453-a8a4-e5dfaebf421d","historyId":"a30499ca40c8e2c273e489d569571d8d","fullName":"SwoopTest.firstMethod","labels":[{"name":"package","value":"SwoopTest"},{"name":"testClass","value":"SwoopTest"},{"name":"testMethod","value":"firstMethod"},{"name":"parentSuite","value":"final project"},{"name":"suite","value":"Test"},{"name":"subSuite","value":"SwoopTest"},{"name":"host","value":"DESKTOP-8MSQHMH"},{"name":"thread","value":"8324@DESKTOP-8MSQHMH.TestNG-test=Test-2(23)"},{"name":"framework","value":"testng"},{"name":"language","value":"java"},{"name":"story","value":"Price range validation"},{"name":"epic","value":"Swoop Test Validation"},{"name":"feature","value":"Sushi Ordering and Registration"}],"links":[],"name":"firstMethod","status":"failed","statusDetails":{"known":false,"muted":false,"flaky":false,"message":"expected [true] but found [false]","trace":"java.lang.AssertionError: expected [true] but found [false]\r\n\tat org.testng.Assert.fail(Assert.java:110)\r\n\tat org.testng.Assert.failNotEquals(Assert.java:1413)\r\n\tat org.testng.Assert.assertTrue(Assert.java:56)\r\n\tat org.testng.Assert.assertTrue(Assert.java:66)\r\n\tat Steps.RestSteps.priceValidation(RestSteps.java:42)\r\n\tat SwoopTest.firstMethod(SwoopTest.java:28)\r\n\tat java.base/jdk.internal.reflect.NativeMethodAccessorImpl.invoke0(Native Method)\r\n\tat java.base/jdk.internal.reflect.NativeMethodAccessorImpl.invoke(NativeMethodAccessorImpl.java:77)\r\n\tat java.base/jdk.internal.reflect.DelegatingMethodAccessorImpl.invoke(DelegatingMethodAccessorImpl.java:43)\r\n\tat java.base/java.lang.reflect.Method.invoke(Method.java:568)\r\n\tat org.testng.internal.invokers.MethodInvocationHelper.invokeMethod(MethodInvocationHelper.java:139)\r\n\tat org.testng.internal.invokers.TestInvoker.invokeMethod(TestInvoker.java:677)\r\n\tat org.testng.internal.invokers.TestInvoker.invokeTestMethod(TestInvoker.java:221)\r\n\tat org.testng.internal.invokers.MethodRunner.runInSequence(MethodRunner.java:50)\r\n\tat org.testng.internal.invokers.TestInvoker$MethodInvocationAgent.invoke(TestInvoker.java:969)\r\n\tat org.testng.internal.invokers.TestInvoker.invokeTestMethods(TestInvoker.java:194)\r\n\tat org.testng.internal.invokers.TestMethodWorker.invokeTestMethods(TestMethodWorker.java:148)\r\n\tat org.testng.internal.invokers.TestMethodWorker.run(TestMethodWorker.java:128)\r\n\tat java.base/java.util.concurrent.ThreadPoolExecutor.runWorker(ThreadPoolExecutor.java:1136)\r\n\tat java.base/java.util.concurrent.ThreadPoolExecutor$Worker.run(ThreadPoolExecutor.java:635)\r\n\tat java.base/java.lang.Thread.run(Thread.java:833)\r\n"},"stage":"finished","description":"Verify the price range and search functionality","steps":[{"name":"დაკლიკვა დასვენების ღილაკზე","status":"passed","stage":"finished","steps":[],"attachments":[],"parameters":[],"start":1686827898199,"stop":1686827904034},{"name":"სქროლი კეთდება ფასის ინფუთებთან","status":"passed","stage":"finished","steps":[],"attachments":[],"parameters":[],"start":1686827904035,"stop":1686827904100},{"name":"წერს მინიმალურ ფასს","status":"passed","stage":"finished","steps":[],"attachments":[],"parameters":[],"start":1686827904100,"stop":1686827904452},{"name":"წერს მაქსიმალურ ფასს","status":"passed","stage":"finished","steps":[],"attachments":[],"parameters":[],"start":1686827904453,"stop":1686827904794},{"name":"აკეთებს კლიკს ძებნაზე","status":"passed","stage":"finished","steps":[],"attachments":[],"parameters":[],"start":1686827904794,"stop":1686827904962},{"name":"ფასების ვალიდაცია","status":"failed","statusDetails":{"known":false,"muted":false,"flaky":false,"message":"expected [true] but found [false]","trace":"java.lang.AssertionError: expected [true] but found [false]\r\n\tat org.testng.Assert.fail(Assert.java:110)\r\n\tat org.testng.Assert.failNotEquals(Assert.java:1413)\r\n\tat org.testng.Assert.assertTrue(Assert.java:56)\r\n\tat org.testng.Assert.assertTrue(Assert.java:66)\r\n\tat Steps.RestSteps.priceValidation(RestSteps.java:42)\r\n\tat SwoopTest.firstMethod(SwoopTest.java:28)\r\n\tat java.base/jdk.internal.reflect.NativeMethodAccessorImpl.invoke0(Native Method)\r\n\tat java.base/jdk.internal.reflect.NativeMethodAccessorImpl.invoke(NativeMethodAccessorImpl.java:77)\r\n\tat java.base/jdk.internal.reflect.DelegatingMethodAccessorImpl.invoke(DelegatingMethodAccessorImpl.java:43)\r\n\tat java.base/java.lang.reflect.Method.invoke(Method.java:568)\r\n\tat org.testng.internal.invokers.MethodInvocationHelper.invokeMethod(MethodInvocationHelper.java:139)\r\n\tat org.testng.internal.invokers.TestInvoker.invokeMethod(TestInvoker.java:677)\r\n\tat org.testng.internal.invokers.TestInvoker.invokeTestMethod(TestInvoker.java:221)\r\n\tat org.testng.internal.invokers.MethodRunner.runInSequence(MethodRunner.java:50)\r\n\tat org.testng.internal.invokers.TestInvoker$MethodInvocationAgent.invoke(TestInvoker.java:969)\r\n\tat org.testng.internal.invokers.TestInvoker.invokeTestMethods(TestInvoker.java:194)\r\n\tat org.testng.internal.invokers.TestMethodWorker.invokeTestMethods(TestMethodWorker.java:148)\r\n\tat org.testng.internal.invokers.TestMethodWorker.run(TestMethodWorker.java:128)\r\n\tat java.base/java.util.concurrent.ThreadPoolExecutor.runWorker(ThreadPoolExecutor.java:1136)\r\n\tat java.base/java.util.concurrent.ThreadPoolExecutor$Worker.run(ThreadPoolExecutor.java:635)\r\n\tat java.base/java.lang.Thread.run(Thread.java:833)\r\n"},"stage":"finished","steps":[],"attachments":[],"parameters":[],"start":1686827904962,"stop":1686827905155}],"attachments":[{"name":"Page screenshot","source":"cf54c70b-04a9-4b1a-ac6d-4f88ad192d7d-attachment","type":"image/png"},{"name":"firstMethod Screenshot Saved.","source":"5c68673a-2ae3-48fe-b965-9c8126fce3e7-attachment","type":"text/plain"}],"parameters":[],"start":1686827898161,"stop":1686827907043}